<?xml version="1.0" encoding="UTF-8"?>
<!-- Generated by org.testng.reporters.JUnitReportReporter -->
<testsuite skipped="0" hostname="AGATI-L020" name="Testcases.login_page" tests="1" failures="0" timestamp="2020-10-20T13:18:28 IST" time="10.033" errors="0">
  <testcase name="loginpage" time="10.033" classname="Testcases.login_page"/>
  <system-out/>
</testsuite> <!-- Testcases.login_page -->
