<?xml version="1.0" encoding="UTF-8"?>
<!-- Generated by org.testng.reporters.JUnitReportReporter -->
<testsuite skipped="0" hostname="AGATI-L020" name="Testcases.Admin_page" tests="1" failures="0" timestamp="2020-10-20T13:18:28 IST" time="12.766" errors="0">
  <testcase name="Movetouserpage" time="12.766" classname="Testcases.Admin_page"/>
  <system-out/>
</testsuite> <!-- Testcases.Admin_page -->
