<?xml version="1.0" encoding="UTF-8"?>
<!-- Generated by org.testng.reporters.JUnitReportReporter -->
<testsuite skipped="0" hostname="AGATI-L020" name="Testcases.Add_user" tests="1" failures="0" timestamp="2020-10-20T13:18:28 IST" time="2.604" errors="0">
  <testcase name="Adduser" time="2.604" classname="Testcases.Add_user"/>
  <system-out/>
</testsuite> <!-- Testcases.Add_user -->
